my.rakuten.co.jp
mall.rakuten-edy.co.jp
www.rakuten-sec.co.jp
login.yahoo.co.jp
sso.nifty.com
mail.nifty.com
qiita.com
www.nttdocomo.co.jp
admin-official.line.me
www.smbc-card.com
twitter.com
www.nttdata.com
www.ntt.com
entry11.bk.mufg.jp
www.mizuhobank.co.jp
web.ib.mizuhobank.co.jp
gree.jp
developer.gree.net
www.hatena.ne.jp
login.hatena.ne.jp
profile.hatena.ne.jp
blog.hatena.ne.jp
cookpad.com
gunosy.co.jp
www.smartnews.com
recruit.gu3.co.jp
account.nicovideo.jp
pigg.ameba.jp
s.amebame.com
dena.com
voyagegroup.com
contact.voyagegroup.com
ecnavi.jp
ssl.kakaku.com
www.doorkeeper.jp
job.mynavi.jp
www.linkedin.com
www.youtube.com
hometrade.nomura.co.jp
www.daiwa.jp
online.sc.mufg.jp
www.deal.matsui.co.jp
www.monex.co.jp
www.sbisec.co.jp
www.so-net.ne.jp
mypage.ocn.ne.jp
web1.plala.or.jp
www.biglobe.co.jp
www.iijmio.jp
www.iij4u.or.jp
www.iij.ad.jp
